  main.cpp
d:\2018_graphic_programming\fbxloader\vc14\fbxloader\main.cpp(75): warning C4996: 'fopen': This function or variable may be unsafe. Consider using fopen_s instead. To disable deprecation, use _CRT_SECURE_NO_WARNINGS. See online help for details.
  c:\program files (x86)\windows kits\10\include\10.0.17134.0\ucrt\stdio.h(208): note: 請參閱 'fopen' 的宣告
d:\2018_graphic_programming\fbxloader\vc14\fbxloader\main.cpp(114): warning C4996: 'strcpy': This function or variable may be unsafe. Consider using strcpy_s instead. To disable deprecation, use _CRT_SECURE_NO_WARNINGS. See online help for details.
  c:\program files (x86)\windows kits\10\include\10.0.17134.0\ucrt\string.h(133): note: 請參閱 'strcpy' 的宣告
d:\2018_graphic_programming\fbxloader\vc14\fbxloader\main.cpp(117): warning C4996: 'strtok': This function or variable may be unsafe. Consider using strtok_s instead. To disable deprecation, use _CRT_SECURE_NO_WARNINGS. See online help for details.
  c:\program files (x86)\windows kits\10\include\10.0.17134.0\ucrt\string.h(440): note: 請參閱 'strtok' 的宣告
d:\2018_graphic_programming\fbxloader\vc14\fbxloader\main.cpp(122): warning C4996: 'strtok': This function or variable may be unsafe. Consider using strtok_s instead. To disable deprecation, use _CRT_SECURE_NO_WARNINGS. See online help for details.
  c:\program files (x86)\windows kits\10\include\10.0.17134.0\ucrt\string.h(440): note: 請參閱 'strtok' 的宣告
d:\2018_graphic_programming\fbxloader\vc14\fbxloader\main.cpp(124): warning C4996: 'strtok': This function or variable may be unsafe. Consider using strtok_s instead. To disable deprecation, use _CRT_SECURE_NO_WARNINGS. See online help for details.
  c:\program files (x86)\windows kits\10\include\10.0.17134.0\ucrt\string.h(440): note: 請參閱 'strtok' 的宣告
d:\2018_graphic_programming\fbxloader\vc14\fbxloader\main.cpp(177): warning C4018: '<': signed/unsigned 不相符
d:\2018_graphic_programming\fbxloader\vc14\fbxloader\main.cpp(215): warning C4018: '<': signed/unsigned 不相符
d:\2018_graphic_programming\fbxloader\vc14\fbxloader\main.cpp(236): warning C4018: '<': signed/unsigned 不相符
  正在產生程式碼
  26 of 1411 functions ( 1.8%) were compiled, the rest were copied from previous compilation.
    8 functions were new in current compilation
    18 functions had inline decision re-evaluated but remain unchanged
  已完成程式碼產生
  FBXLoader.vcxproj -> D:\2018_Graphic_Programming\FBXLoader\VC14\Release\FBXLoader.exe
